<?xml version="1.0" encoding="UTF-8"?>
<!-- Generated by org.testng.reporters.JUnitReportReporter -->
<testsuite hostname="DESKTOP-AB6BR8M" failures="0" tests="1" name="com.ShoppersStack.testScripts.Verify_User_is_able_to_add_address_or_not" time="18.567" errors="0" timestamp="2024-05-25T11:44:41 IST" skipped="0">
  <testcase classname="com.ShoppersStack.testScripts.Verify_User_is_able_to_add_address_or_not" name="addAddress" time="18.567"/>
</testsuite> <!-- com.ShoppersStack.testScripts.Verify_User_is_able_to_add_address_or_not -->
