<?xml version="1.0" encoding="UTF-8"?>
<!-- Generated by org.testng.reporters.JUnitReportReporter -->
<testsuite hostname="DESKTOP-AB6BR8M" failures="0" tests="1" name="com.ShoppersStack.testScripts.Verify_User_is_able_to_delete_address_or_not_Test" time="19.250" errors="0" timestamp="2024-05-28T11:40:21 IST" skipped="0">
  <testcase classname="com.ShoppersStack.testScripts.Verify_User_is_able_to_delete_address_or_not_Test" name="deleteAddress" time="19.250"/>
</testsuite> <!-- com.ShoppersStack.testScripts.Verify_User_is_able_to_delete_address_or_not_Test -->
